<?xml version="1.0" encoding="UTF-8"?>
<!-- Generated by org.testng.reporters.JUnitReportReporter -->
<testsuite skipped="0" hostname="ELM-GUDAYAK" name="test.Dayonce" tests="2" failures="0" timestamp="2020-04-25T22:21:16 IST" time="0.012" errors="0">
  <testcase name="Demo1" time="0.001" classname="test.Dayonce"/>
  <system-out/>
  <testcase name="Demo" time="0.011" classname="test.Dayonce"/>
  <system-out/>
</testsuite> <!-- test.Dayonce -->
