<?xml version="1.0" encoding="UTF-8"?>
<!-- Generated by org.testng.reporters.JUnitReportReporter -->
<testsuite skipped="1" hostname="ELM-GUDAYAK" name="test.mobileApplication2" tests="5" failures="0" timestamp="2020-04-25T21:24:51 IST" time="0.013" errors="0">
  <testcase name="Mobiledemo4" time="0.002" classname="test.mobileApplication2"/>
  <system-out/>
  <testcase name="Mobiledemo5" time="0.001" classname="test.mobileApplication2"/>
  <system-out/>
  <testcase name="Mobiledemo1" time="0.009" classname="test.mobileApplication2"/>
  <system-out/>
  <testcase name="Aobiledemo3" time="0.001" classname="test.mobileApplication2"/>
  <system-out/>
  <testcase name="Mobiledemo2" classname="test.mobileApplication2">
    <skipped/>
  </testcase> <!-- Mobiledemo2 -->
  <system-out/>
</testsuite> <!-- test.mobileApplication2 -->
