<?xml version="1.0" encoding="UTF-8"?>
<!-- Generated by org.testng.reporters.JUnitReportReporter -->
<testsuite skipped="0" hostname="ELM-GUDAYAK" name="test.mobileApplication" tests="10" failures="0" timestamp="2020-04-25T21:09:23 IST" time="0.024" errors="0">
  <testcase name="Appdemo4" time="0.001" classname="test.mobileApplication"/>
  <system-out/>
  <testcase name="Appdemo3" time="0.002" classname="test.mobileApplication"/>
  <system-out/>
  <testcase name="Mobiledemo2" time="0.002" classname="test.mobileApplication"/>
  <system-out/>
  <testcase name="Mobiledemo3" time="0.001" classname="test.mobileApplication"/>
  <system-out/>
  <testcase name="Appdemo2" time="0.002" classname="test.mobileApplication"/>
  <system-out/>
  <testcase name="Mobiledemo1" time="0.002" classname="test.mobileApplication"/>
  <system-out/>
  <testcase name="Appdemo1" time="0.006" classname="test.mobileApplication"/>
  <system-out/>
  <testcase name="Mobiledemo5" time="0.003" classname="test.mobileApplication"/>
  <system-out/>
  <testcase name="Appdemo5" time="0.002" classname="test.mobileApplication"/>
  <system-out/>
  <testcase name="Mobiledemo4" time="0.003" classname="test.mobileApplication"/>
  <system-out/>
</testsuite> <!-- test.mobileApplication -->
