<?xml version="1.0" encoding="UTF-8"?>
<!-- Generated by org.testng.reporters.JUnitReportReporter -->
<testsuite skipped="2" hostname="ELM-GUDAYAK" name="Exam.Test2" tests="4" failures="0" timestamp="2020-04-25T23:06:10 IST" time="0.010" errors="0">
  <testcase name="Student2" time="0.001" classname="Exam.Test2"/>
  <system-out/>
  <testcase name="Student4" time="0.009" classname="Exam.Test2"/>
  <system-out/>
  <testcase name="Student3" classname="Exam.Test2">
    <skipped/>
  </testcase> <!-- Student3 -->
  <system-out/>
  <testcase name="Student1" classname="Exam.Test2">
    <skipped/>
  </testcase> <!-- Student1 -->
  <system-out/>
</testsuite> <!-- Exam.Test2 -->
