<?xml version="1.0" encoding="UTF-8"?>
<!-- Generated by org.testng.reporters.JUnitReportReporter -->
<testsuite skipped="0" hostname="ELM-GUDAYAK" name="test.Dayonce2" tests="3" failures="0" timestamp="2020-04-25T20:35:01 IST" time="0.001" errors="0">
  <testcase name="Demo4" time="0.000" classname="test.Dayonce2"/>
  <system-out/>
  <testcase name="Demo5" time="0.001" classname="test.Dayonce2"/>
  <system-out/>
  <testcase name="Demo" time="0.000" classname="test.Dayonce2"/>
  <system-out/>
</testsuite> <!-- test.Dayonce2 -->
