<?xml version="1.0" encoding="UTF-8"?>
<!-- Generated by org.testng.reporters.JUnitReportReporter -->
<testsuite skipped="0" hostname="ELM-GUDAYAK" name="Exam.Test1" tests="4" failures="0" timestamp="2020-04-25T22:55:38 IST" time="0.012" errors="0">
  <testcase name="Number3" time="0.002" classname="Exam.Test1"/>
  <system-out/>
  <testcase name="Number1" time="0.008" classname="Exam.Test1"/>
  <system-out/>
  <testcase name="Number2" time="0.001" classname="Exam.Test1"/>
  <system-out/>
  <testcase name="Number4" time="0.001" classname="Exam.Test1"/>
  <system-out/>
</testsuite> <!-- Exam.Test1 -->
