<?xml version="1.0" encoding="UTF-8"?>
<!-- Generated by org.testng.reporters.JUnitReportReporter -->
<testsuite skipped="0" hostname="ELM-GUDAYAK" name="Exam.Test3" tests="3" failures="0" timestamp="2020-04-26T22:52:21 IST" time="0.010" errors="0">
  <testcase name="Student2" time="0.001" classname="Exam.Test3"/>
  <system-out/>
  <testcase name="Student2" time="0.001" classname="Exam.Test3"/>
  <system-out/>
  <testcase name="Student2" time="0.008" classname="Exam.Test3"/>
  <system-out/>
</testsuite> <!-- Exam.Test3 -->
